3/12/2021, 10:58:52 PM - DEBUG - auth.service - login with username: darkmift 
3/12/2021, 10:58:52 PM - ERROR - Failed to Login Invalid username or password 
3/12/2021, 10:59:52 PM - DEBUG - auth.service - login with username: darkmift 
3/12/2021, 10:59:52 PM - ERROR - Failed to Login Invalid username or password 
3/12/2021, 11:03:22 PM - DEBUG - auth.service - login with username: darkmift 
3/12/2021, 11:03:23 PM - ERROR - Failed to Login Invalid username or password 
3/12/2021, 11:04:44 PM - DEBUG - auth.service - login with username: darkmift 
3/12/2021, 11:04:44 PM - ERROR - Failed to Login Invalid username or password 
3/12/2021, 11:04:53 PM - DEBUG - auth.service - login with username: darkmift 
3/12/2021, 11:04:53 PM - ERROR - Failed to Login Invalid username or password 
3/12/2021, 11:06:16 PM - DEBUG - auth.service - login with username: darkmift 
3/12/2021, 11:06:16 PM - ERROR - Failed to Login Invalid username or password 
3/12/2021, 11:07:28 PM - DEBUG - auth.service - login with username: darkmift 
3/12/2021, 11:07:28 PM - ERROR - Failed to Login Invalid username or password 
3/12/2021, 11:08:09 PM - ERROR - Failed to Login Invalid username or password 
3/13/2021, 11:58:17 AM - DEBUG - auth.service - signup with username: undefined, fullname:undefined-undefined 
3/13/2021, 11:58:17 AM - ERROR - Failed to signup fullname, username and password are required! 
3/13/2021, 11:59:18 AM - DEBUG - auth.service - signup with username: undefined, fullname:undefined-undefined 
3/13/2021, 11:59:18 AM - ERROR - Failed to signup fullname, username and password are required! 
3/13/2021, 12:00:45 PM - DEBUG - auth.service - signup with username: undefined, fullname:undefined-undefined 
3/13/2021, 12:00:45 PM - ERROR - Failed to signup fullname, username and password are required! 
3/13/2021, 12:01:23 PM - DEBUG - auth.service - signup with username: undefined, fullname:undefined-undefined 
3/13/2021, 12:01:23 PM - ERROR - Failed to signup fullname, username and password are required! 
3/13/2021, 12:02:12 PM - DEBUG - auth.service - signup with username: undefined, fullname:undefined-undefined 
3/13/2021, 12:02:12 PM - ERROR - Failed to signup fullname, username and password are required! 
3/13/2021, 12:03:31 PM - DEBUG - auth.service - signup with username: username1, fullname:fname1-lname1 
3/13/2021, 12:03:31 PM - DEBUG - auth.route - new account created: {"username":"username1","password":"$2a$10$QwBDb6LXbDeKwZmQJJH4rOsf3bd7ezbvb59P95FjEKQkFns6y3IFy","score":0,"_id":"604c8df307edaa1eaccb336d"} 
3/13/2021, 12:06:09 PM - DEBUG - auth.service - signup with username: username2, fullname:fname2-lname2 
3/13/2021, 12:06:09 PM - DEBUG - auth.route - new account created: {"username":"username2","password":"$2a$10$k1EdSoyPrLPI.XcSOgdmYesX3L04JnqVABuIU9Gwm8YZoLL5ljJdG","fname":"lname2","lname":"fname2","_id":"604c8e9107edaa1eaccb336e"} 
3/13/2021, 12:13:58 PM - ERROR - Failed to signup Username not available 
3/13/2021, 12:18:51 PM - ERROR - Failed to signup Username not available 
3/13/2021, 12:24:01 PM - ERROR - Failed to signup Username not available 
3/13/2021, 12:26:44 PM - ERROR - Failed to signup Username not available 
3/13/2021, 12:28:35 PM - ERROR - Failed to signup Username not available 
3/13/2021, 12:28:55 PM - ERROR - Failed to signup Username not available 
3/13/2021, 12:31:14 PM - ERROR - Failed to signup Username not available 
3/13/2021, 12:31:43 PM - ERROR - Failed to signup Username not available 
3/13/2021, 12:32:14 PM - ERROR - Failed to signup Username not available 
3/13/2021, 12:34:49 PM - ERROR - Failed to signup Username not available 
3/13/2021, 12:35:38 PM - ERROR - Failed to signup Username not available 
3/13/2021, 12:37:03 PM - ERROR - Failed to signup Username not available 
3/13/2021, 12:38:26 PM - ERROR - Failed to signup Username not available 
3/13/2021, 12:39:35 PM - ERROR - Failed to signup Username not available 
3/13/2021, 12:40:40 PM - ERROR - Failed to signup Username not available 
3/13/2021, 12:41:08 PM - ERROR - Failed to signup Username not available 
3/13/2021, 12:41:17 PM - ERROR - Failed to signup Username not available 
3/13/2021, 12:41:35 PM - ERROR - Failed to signup Username not available 
3/13/2021, 12:48:00 PM - ERROR - Failed to signup Username not available 
3/13/2021, 12:48:33 PM - ERROR - Failed to signup Username not available 
3/13/2021, 12:48:56 PM - ERROR - Failed to signup Username not available 
3/13/2021, 12:49:35 PM - ERROR - Failed to signup Username not available 
3/13/2021, 12:49:49 PM - ERROR - Failed to signup Username not available 
3/13/2021, 12:50:02 PM - ERROR - Failed to signup Username not available 
3/13/2021, 12:50:03 PM - ERROR - Failed to signup Username not available 
3/13/2021, 12:50:04 PM - ERROR - Failed to signup Username not available 
3/13/2021, 12:51:30 PM - ERROR - Failed to signup Username not available 
3/13/2021, 12:51:33 PM - ERROR - Failed to signup Username not available 
3/13/2021, 12:52:04 PM - ERROR - Failed to signup Username not available 
3/13/2021, 12:52:21 PM - ERROR - Failed to signup Username not available 
3/13/2021, 12:52:25 PM - ERROR - Failed to signup Username not available 
3/13/2021, 12:52:39 PM - ERROR - Failed to signup Username not available 
3/13/2021, 12:52:40 PM - ERROR - Failed to signup Username not available 
3/13/2021, 12:54:23 PM - ERROR - Failed to signup Username not available 
3/13/2021, 12:54:24 PM - ERROR - Failed to signup Username not available 
3/13/2021, 12:54:26 PM - ERROR - Failed to signup Username not available 
3/13/2021, 12:54:27 PM - ERROR - Failed to signup Username not available 
3/13/2021, 12:54:28 PM - ERROR - Failed to signup Username not available 
3/13/2021, 12:54:29 PM - ERROR - Failed to signup Username not available 
3/13/2021, 12:55:24 PM - ERROR - Failed to signup Username not available 
3/13/2021, 12:55:26 PM - ERROR - Failed to signup Username not available 
3/13/2021, 12:55:30 PM - ERROR - Failed to signup Username not available 
3/13/2021, 12:55:32 PM - ERROR - Failed to signup Username not available 
3/13/2021, 12:56:47 PM - ERROR - Failed to signup Username not available 
3/13/2021, 12:56:59 PM - ERROR - Failed to signup Username not available 
3/13/2021, 12:57:00 PM - ERROR - Failed to signup Username not available 
3/13/2021, 12:57:01 PM - ERROR - Failed to signup Username not available 
3/13/2021, 12:57:12 PM - ERROR - Failed to signup Username not available 
3/13/2021, 12:57:29 PM - ERROR - Failed to signup Username not available 
3/13/2021, 12:57:33 PM - ERROR - Failed to signup Username not available 
3/13/2021, 12:57:44 PM - ERROR - Failed to signup Username not available 
3/13/2021, 12:58:04 PM - ERROR - Failed to signup Username not available 
3/13/2021, 12:58:08 PM - ERROR - Failed to signup Username not available 
3/13/2021, 12:58:20 PM - ERROR - Failed to Login Invalid username or password 
3/13/2021, 1:00:37 PM - ERROR - Failed to signup Username not available 
3/13/2021, 1:00:53 PM - ERROR - Failed to Login Invalid username or password 
3/13/2021, 1:01:11 PM - ERROR - Failed to Login Invalid username or password 
3/13/2021, 1:02:18 PM - ERROR - Failed to Login Invalid username or password 
3/13/2021, 1:02:33 PM - ERROR - Failed to Login Invalid username or password 
3/13/2021, 1:06:23 PM - ERROR - Failed to Login Invalid username or password 
3/13/2021, 1:06:25 PM - ERROR - Failed to Login Invalid username or password 
3/13/2021, 1:06:25 PM - ERROR - Failed to Login Invalid username or password 
3/13/2021, 1:06:26 PM - ERROR - Failed to Login Invalid username or password 
3/13/2021, 1:06:38 PM - ERROR - Failed to Login Invalid username or password 
3/13/2021, 1:06:56 PM - ERROR - Failed to signup Username not available 
3/13/2021, 1:06:57 PM - ERROR - Failed to signup Username not available 
3/13/2021, 1:07:08 PM - DEBUG - auth.service - signup with username: username3, fullname:fname2-lname2 
3/13/2021, 1:07:08 PM - DEBUG - auth.route - new account created: {"username":"username3","password":"$2a$10$0zq7DHnEIpUQ41kpw3ONfO2Rp3.rvnnV6J/Jp6nkN0F.VfEKzZOLe","fname":"lname2","lname":"fname2","_id":"604c9cdcfad10c81504c958c"} 
